Using pre-set license
Built from '2020.3/staging' branch; Version is '2020.3.10f1 (297d780c91bc) revision 2719096'; Using compiler version '192528614'; Build Type 'Release'
OS: 'Windows 10 Pro for Workstations; OS build 19042.1237; Version 2009; 64bit' Language: 'es' Physical Memory: 32544 MB
BatchMode: 1, IsHumanControllingUs: 0, StartBugReporterOnCrash: 0, Is64bit: 1, IsPro: 0

 COMMAND LINE ARGUMENTS:
C:\Program Files\Unity\Hub\Editor\2020.3.10f1\Editor\Unity.exe
-adb2
-batchMode
-noUpm
-name
AssetImportWorker0
-projectPath
C:/Users/sealfo/Documents/ShadowPlay/ShadowPlay/TheShadowPlay
-logFile
Logs/AssetImportWorker0.log
-srvPort
<<<<<<< Updated upstream
53549
Successfully changed project path to: C:/Users/sealfo/Documents/ShadowPlay/ShadowPlay/TheShadowPlay
C:/Users/sealfo/Documents/ShadowPlay/ShadowPlay/TheShadowPlay
Using Asset Import Pipeline V2.
Refreshing native plugins compatible for Editor in 21.88 ms, found 2 plugins.
=======
50148
Successfully changed project path to: C:/Users/aimofe01/Documents/ShadowPlay/ShadowPlay/TheShadowPlay
C:/Users/aimofe01/Documents/ShadowPlay/ShadowPlay/TheShadowPlay
Using Asset Import Pipeline V2.
Refreshing native plugins compatible for Editor in 22.40 ms, found 2 plugins.
>>>>>>> Stashed changes
Preloading 0 native plugins for Editor in 0.00 ms.
Initialize engine version: 2020.3.10f1 (297d780c91bc)
[Subsystems] Discovering subsystems at path C:/Program Files/Unity/Hub/Editor/2020.3.10f1/Editor/Data/Resources/UnitySubsystems
[Subsystems] Discovering subsystems at path C:/Users/sealfo/Documents/ShadowPlay/ShadowPlay/TheShadowPlay/Assets
GfxDevice: creating device client; threaded=0
Direct3D:
    Version:  Direct3D 11.0 [level 11.1]
    Renderer: NVIDIA GeForce RTX 2060 SUPER (ID=0x1f06)
    Vendor:   
    VRAM:     8031 MB
    Driver:   27.21.14.6259
Initialize mono
Mono path[0] = 'C:/Program Files/Unity/Hub/Editor/2020.3.10f1/Editor/Data/Managed'
Mono path[1] = 'C:/Program Files/Unity/Hub/Editor/2020.3.10f1/Editor/Data/MonoBleedingEdge/lib/mono/unityjit'
Mono config path = 'C:/Program Files/Unity/Hub/Editor/2020.3.10f1/Editor/Data/MonoBleedingEdge/etc'
<<<<<<< Updated upstream
Using monoOptions --debugger-agent=transport=dt_socket,embedding=1,server=y,suspend=n,address=127.0.0.1:56228
=======
Using monoOptions --debugger-agent=transport=dt_socket,embedding=1,server=y,suspend=n,address=127.0.0.1:56388
>>>>>>> Stashed changes
Begin MonoManager ReloadAssembly
Registering precompiled unity dll's ...
Register platform support module: C:/Program Files/Unity/Hub/Editor/2020.3.10f1/Editor/Data/PlaybackEngines/WebGLSupport/UnityEditor.WebGL.Extensions.dll
Register platform support module: C:/Program Files/Unity/Hub/Editor/2020.3.10f1/Editor/Data/PlaybackEngines/WindowsStandaloneSupport/UnityEditor.WindowsStandalone.Extensions.dll
<<<<<<< Updated upstream
Registered in 0.001842 seconds.
Native extension for WindowsStandalone target not found
Native extension for WebGL target not found
Refreshing native plugins compatible for Editor in 21.06 ms, found 2 plugins.
Preloading 0 native plugins for Editor in 0.00 ms.
Mono: successfully reloaded assembly
- Completed reload, in  1.548 seconds
Platform modules already initialized, skipping
Registering precompiled user dll's ...
Registered in 0.002900 seconds.
=======
Registered in 0.001724 seconds.
Native extension for WindowsStandalone target not found
Native extension for WebGL target not found
Refreshing native plugins compatible for Editor in 20.65 ms, found 2 plugins.
Preloading 0 native plugins for Editor in 0.00 ms.
Mono: successfully reloaded assembly
- Completed reload, in  1.424 seconds
Platform modules already initialized, skipping
Registering precompiled user dll's ...
Registered in 0.002754 seconds.
>>>>>>> Stashed changes
Begin MonoManager ReloadAssembly
Native extension for WindowsStandalone target not found
Native extension for WebGL target not found
Refreshing native plugins compatible for Editor in 0.27 ms, found 2 plugins.
Preloading 0 native plugins for Editor in 0.00 ms.
Mono: successfully reloaded assembly
<<<<<<< Updated upstream
- Completed reload, in  0.820 seconds
=======
- Completed reload, in  0.773 seconds
>>>>>>> Stashed changes
Platform modules already initialized, skipping
========================================================================
Worker process is ready to serve import requests
Launched and connected shader compiler UnityShaderCompiler.exe after 0.03 seconds
Refreshing native plugins compatible for Editor in 0.28 ms, found 2 plugins.
Preloading 0 native plugins for Editor in 0.00 ms.
<<<<<<< Updated upstream
Unloading 1391 Unused Serialized files (Serialized files now loaded: 0)
System memory in use before: 64.8 MB.
System memory in use after: 64.9 MB.

Unloading 19 unused Assets to reduce memory usage. Loaded Objects now: 1824.
Total: 1.558100 ms (FindLiveObjects: 0.131100 ms CreateObjectMapping: 0.042500 ms MarkObjects: 1.328900 ms  DeleteObjects: 0.054900 ms)

========================================================================
Received Import Request.
  path: ProjectSettings/TagManager.asset
  artifactKey: Guid(00000000000000003000000000000000) Importer(815301076,1909f56bfc062723c751e8b465ee728b)
Start importing ProjectSettings/TagManager.asset using Guid(00000000000000003000000000000000) Importer(815301076,1909f56bfc062723c751e8b465ee728b)  -> (artifact id: '0c4b0e55dd6e1fba11ee36683c1dd1cd') in 0.019956 seconds
  Import took 0.022547 seconds .

========================================================================
Received Prepare
Registering precompiled user dll's ...
Registered in 0.002673 seconds.
Begin MonoManager ReloadAssembly
Native extension for WindowsStandalone target not found
Native extension for WebGL target not found
Refreshing native plugins compatible for Editor in 0.76 ms, found 2 plugins.
Preloading 0 native plugins for Editor in 0.00 ms.
Mono: successfully reloaded assembly
- Completed reload, in  0.813 seconds
Platform modules already initialized, skipping
Refreshing native plugins compatible for Editor in 0.29 ms, found 2 plugins.
Preloading 0 native plugins for Editor in 0.00 ms.
Unloading 1386 Unused Serialized files (Serialized files now loaded: 0)
System memory in use before: 64.8 MB.
System memory in use after: 64.8 MB.

Unloading 15 unused Assets to reduce memory usage. Loaded Objects now: 1827.
Total: 1.619600 ms (FindLiveObjects: 0.150500 ms CreateObjectMapping: 0.048100 ms MarkObjects: 1.336600 ms  DeleteObjects: 0.083700 ms)

========================================================================
Received Prepare
Registering precompiled user dll's ...
Registered in 0.002472 seconds.
Begin MonoManager ReloadAssembly
Native extension for WindowsStandalone target not found
Native extension for WebGL target not found
Refreshing native plugins compatible for Editor in 0.26 ms, found 2 plugins.
Preloading 0 native plugins for Editor in 0.00 ms.
Mono: successfully reloaded assembly
- Completed reload, in  0.745 seconds
Platform modules already initialized, skipping
Refreshing native plugins compatible for Editor in 0.28 ms, found 2 plugins.
Preloading 0 native plugins for Editor in 0.00 ms.
Unloading 1386 Unused Serialized files (Serialized files now loaded: 0)
System memory in use before: 64.8 MB.
System memory in use after: 64.9 MB.

Unloading 14 unused Assets to reduce memory usage. Loaded Objects now: 1830.
Total: 1.999600 ms (FindLiveObjects: 0.205200 ms CreateObjectMapping: 0.056600 ms MarkObjects: 1.693800 ms  DeleteObjects: 0.042600 ms)

========================================================================
Received Prepare
Registering precompiled user dll's ...
Registered in 0.002716 seconds.
Begin MonoManager ReloadAssembly
Native extension for WindowsStandalone target not found
Native extension for WebGL target not found
Refreshing native plugins compatible for Editor in 0.26 ms, found 2 plugins.
Preloading 0 native plugins for Editor in 0.00 ms.
Mono: successfully reloaded assembly
- Completed reload, in  0.758 seconds
Platform modules already initialized, skipping
Refreshing native plugins compatible for Editor in 0.31 ms, found 2 plugins.
Preloading 0 native plugins for Editor in 0.00 ms.
Unloading 1386 Unused Serialized files (Serialized files now loaded: 0)
System memory in use before: 64.8 MB.
System memory in use after: 64.9 MB.

Unloading 14 unused Assets to reduce memory usage. Loaded Objects now: 1833.
Total: 1.643700 ms (FindLiveObjects: 0.140700 ms CreateObjectMapping: 0.041400 ms MarkObjects: 1.417000 ms  DeleteObjects: 0.043500 ms)

========================================================================
Received Prepare
Registering precompiled user dll's ...
Registered in 0.003382 seconds.
Begin MonoManager ReloadAssembly
Native extension for WindowsStandalone target not found
Native extension for WebGL target not found
Refreshing native plugins compatible for Editor in 0.27 ms, found 2 plugins.
Preloading 0 native plugins for Editor in 0.00 ms.
Mono: successfully reloaded assembly
- Completed reload, in  0.782 seconds
Platform modules already initialized, skipping
Refreshing native plugins compatible for Editor in 0.27 ms, found 2 plugins.
Preloading 0 native plugins for Editor in 0.00 ms.
Unloading 1386 Unused Serialized files (Serialized files now loaded: 0)
System memory in use before: 64.8 MB.
System memory in use after: 64.9 MB.

Unloading 14 unused Assets to reduce memory usage. Loaded Objects now: 1836.
Total: 1.805700 ms (FindLiveObjects: 0.157000 ms CreateObjectMapping: 0.048300 ms MarkObjects: 1.551300 ms  DeleteObjects: 0.048200 ms)

========================================================================
Received Prepare
Registering precompiled user dll's ...
Registered in 0.002698 seconds.
Begin MonoManager ReloadAssembly
Native extension for WindowsStandalone target not found
Native extension for WebGL target not found
Refreshing native plugins compatible for Editor in 0.38 ms, found 2 plugins.
Preloading 0 native plugins for Editor in 0.00 ms.
Mono: successfully reloaded assembly
- Completed reload, in  0.773 seconds
Platform modules already initialized, skipping
Refreshing native plugins compatible for Editor in 0.31 ms, found 2 plugins.
Preloading 0 native plugins for Editor in 0.00 ms.
Unloading 1386 Unused Serialized files (Serialized files now loaded: 0)
System memory in use before: 64.8 MB.
System memory in use after: 64.9 MB.

Unloading 14 unused Assets to reduce memory usage. Loaded Objects now: 1839.
Total: 1.747000 ms (FindLiveObjects: 0.146300 ms CreateObjectMapping: 0.044900 ms MarkObjects: 1.508500 ms  DeleteObjects: 0.046500 ms)
=======
Unloading 1395 Unused Serialized files (Serialized files now loaded: 0)
System memory in use before: 64.9 MB.
System memory in use after: 65.0 MB.

Unloading 19 unused Assets to reduce memory usage. Loaded Objects now: 1829.
Total: 1.504700 ms (FindLiveObjects: 0.127800 ms CreateObjectMapping: 0.037100 ms MarkObjects: 1.279400 ms  DeleteObjects: 0.059500 ms)

========================================================================
Received Import Request.
  path: Assets/Scenes/Luciernagas.unity
  artifactKey: Guid(c6d5459da3c76724c8e83af6c34758f4) Importer(815301076,1909f56bfc062723c751e8b465ee728b)
Start importing Assets/Scenes/Luciernagas.unity using Guid(c6d5459da3c76724c8e83af6c34758f4) Importer(815301076,1909f56bfc062723c751e8b465ee728b)  -> (artifact id: '6600fc6291081bca4af8f7dea4bf1161') in 0.014216 seconds
  Import took 0.016055 seconds .

========================================================================
Received Prepare
Refreshing native plugins compatible for Editor in 2.50 ms, found 2 plugins.
Preloading 0 native plugins for Editor in 0.00 ms.
Unloading 12 Unused Serialized files (Serialized files now loaded: 0)
System memory in use before: 37.4 MB.
System memory in use after: 37.5 MB.

Unloading 12 unused Assets to reduce memory usage. Loaded Objects now: 1829.
Total: 1.872300 ms (FindLiveObjects: 0.140300 ms CreateObjectMapping: 0.044300 ms MarkObjects: 1.648900 ms  DeleteObjects: 0.038000 ms)

========================================================================
Received Import Request.
  Time since last request: 2.494901 seconds.
  path: Assets/Scenes/Luciernagas.unity
  artifactKey: Guid(c6d5459da3c76724c8e83af6c34758f4) Importer(815301076,1909f56bfc062723c751e8b465ee728b)
Start importing Assets/Scenes/Luciernagas.unity using Guid(c6d5459da3c76724c8e83af6c34758f4) Importer(815301076,1909f56bfc062723c751e8b465ee728b)  -> (artifact id: '00125ea1c1b3884b4295fef74f40fd86') in 0.003066 seconds
  Import took 0.005204 seconds .

========================================================================
Received Import Request.
  Time since last request: 75.812374 seconds.
  path: Assets/Prefabs/Proyectil.prefab
  artifactKey: Guid(24ce4f29a6fb275478610798b25e5b4a) Importer(815301076,1909f56bfc062723c751e8b465ee728b)
Start importing Assets/Prefabs/Proyectil.prefab using Guid(24ce4f29a6fb275478610798b25e5b4a) Importer(815301076,1909f56bfc062723c751e8b465ee728b)  -> (artifact id: '3d97182cadef172d3a9ce78ba1bd6ab6') in 0.071812 seconds
  Import took 0.074374 seconds .
>>>>>>> Stashed changes

========================================================================
Received Prepare
Registering precompiled user dll's ...
<<<<<<< Updated upstream
Registered in 0.002851 seconds.
Begin MonoManager ReloadAssembly
Native extension for WindowsStandalone target not found
Native extension for WebGL target not found
Refreshing native plugins compatible for Editor in 0.27 ms, found 2 plugins.
Preloading 0 native plugins for Editor in 0.00 ms.
Mono: successfully reloaded assembly
- Completed reload, in  0.774 seconds
Platform modules already initialized, skipping
Refreshing native plugins compatible for Editor in 0.29 ms, found 2 plugins.
Preloading 0 native plugins for Editor in 0.00 ms.
Unloading 1386 Unused Serialized files (Serialized files now loaded: 0)
System memory in use before: 64.8 MB.
System memory in use after: 64.9 MB.

Unloading 14 unused Assets to reduce memory usage. Loaded Objects now: 1842.
Total: 1.444200 ms (FindLiveObjects: 0.125700 ms CreateObjectMapping: 0.038100 ms MarkObjects: 1.243300 ms  DeleteObjects: 0.036600 ms)
=======
Registered in 0.002743 seconds.
Begin MonoManager ReloadAssembly
Native extension for WindowsStandalone target not found
Native extension for WebGL target not found
Refreshing native plugins compatible for Editor in 0.28 ms, found 2 plugins.
Preloading 0 native plugins for Editor in 0.00 ms.
Mono: successfully reloaded assembly
- Completed reload, in  0.751 seconds
Platform modules already initialized, skipping
Refreshing native plugins compatible for Editor in 0.30 ms, found 2 plugins.
Preloading 0 native plugins for Editor in 0.00 ms.
Unloading 1390 Unused Serialized files (Serialized files now loaded: 0)
System memory in use before: 68.0 MB.
System memory in use after: 68.1 MB.

Unloading 15 unused Assets to reduce memory usage. Loaded Objects now: 1840.
Total: 1.646200 ms (FindLiveObjects: 0.130400 ms CreateObjectMapping: 0.039300 ms MarkObjects: 1.429900 ms  DeleteObjects: 0.045800 ms)

========================================================================
Received Import Request.
  Time since last request: 19.233883 seconds.
  path: Assets/Prefabs/Luciernagas.prefab
  artifactKey: Guid(c5e8559b46945224fae83f52cf9abc6c) Importer(815301076,1909f56bfc062723c751e8b465ee728b)
Start importing Assets/Prefabs/Luciernagas.prefab using Guid(c5e8559b46945224fae83f52cf9abc6c) Importer(815301076,1909f56bfc062723c751e8b465ee728b)  -> (artifact id: '989d486f5088df28854fc4d58d796797') in 0.048488 seconds
  Import took 0.050575 seconds .
>>>>>>> Stashed changes

========================================================================
Received Prepare
Registering precompiled user dll's ...
<<<<<<< Updated upstream
Registered in 0.002700 seconds.
=======
Registered in 0.002763 seconds.
>>>>>>> Stashed changes
Begin MonoManager ReloadAssembly
Native extension for WindowsStandalone target not found
Native extension for WebGL target not found
Refreshing native plugins compatible for Editor in 0.28 ms, found 2 plugins.
Preloading 0 native plugins for Editor in 0.00 ms.
Mono: successfully reloaded assembly
<<<<<<< Updated upstream
- Completed reload, in  0.758 seconds
Platform modules already initialized, skipping
Refreshing native plugins compatible for Editor in 0.55 ms, found 2 plugins.
Preloading 0 native plugins for Editor in 0.00 ms.
Unloading 1386 Unused Serialized files (Serialized files now loaded: 0)
System memory in use before: 64.8 MB.
System memory in use after: 64.9 MB.

Unloading 14 unused Assets to reduce memory usage. Loaded Objects now: 1845.
Total: 1.673900 ms (FindLiveObjects: 0.135900 ms CreateObjectMapping: 0.040300 ms MarkObjects: 1.452800 ms  DeleteObjects: 0.044100 ms)

========================================================================
Received Prepare
Registering precompiled user dll's ...
Registered in 0.002848 seconds.
Begin MonoManager ReloadAssembly
Native extension for WindowsStandalone target not found
Native extension for WebGL target not found
Refreshing native plugins compatible for Editor in 0.27 ms, found 2 plugins.
Preloading 0 native plugins for Editor in 0.00 ms.
Mono: successfully reloaded assembly
- Completed reload, in  0.760 seconds
Platform modules already initialized, skipping
Refreshing native plugins compatible for Editor in 0.43 ms, found 2 plugins.
Preloading 0 native plugins for Editor in 0.00 ms.
Unloading 1386 Unused Serialized files (Serialized files now loaded: 0)
System memory in use before: 64.8 MB.
System memory in use after: 64.9 MB.

Unloading 14 unused Assets to reduce memory usage. Loaded Objects now: 1848.
Total: 1.533000 ms (FindLiveObjects: 0.122400 ms CreateObjectMapping: 0.036000 ms MarkObjects: 1.335100 ms  DeleteObjects: 0.038200 ms)

========================================================================
Received Prepare
Registering precompiled user dll's ...
Registered in 0.002543 seconds.
Begin MonoManager ReloadAssembly
Native extension for WindowsStandalone target not found
Native extension for WebGL target not found
Refreshing native plugins compatible for Editor in 0.37 ms, found 2 plugins.
Preloading 0 native plugins for Editor in 0.00 ms.
Mono: successfully reloaded assembly
- Completed reload, in  0.790 seconds
Platform modules already initialized, skipping
Refreshing native plugins compatible for Editor in 0.30 ms, found 2 plugins.
Preloading 0 native plugins for Editor in 0.00 ms.
Unloading 1386 Unused Serialized files (Serialized files now loaded: 0)
System memory in use before: 64.9 MB.
System memory in use after: 64.9 MB.

Unloading 14 unused Assets to reduce memory usage. Loaded Objects now: 1851.
Total: 1.607700 ms (FindLiveObjects: 0.131600 ms CreateObjectMapping: 0.039200 ms MarkObjects: 1.360900 ms  DeleteObjects: 0.075300 ms)

========================================================================
Received Prepare
Registering precompiled user dll's ...
Registered in 0.002648 seconds.
Begin MonoManager ReloadAssembly
Native extension for WindowsStandalone target not found
Native extension for WebGL target not found
Refreshing native plugins compatible for Editor in 0.38 ms, found 2 plugins.
Preloading 0 native plugins for Editor in 0.00 ms.
Mono: successfully reloaded assembly
- Completed reload, in  0.783 seconds
Platform modules already initialized, skipping
Refreshing native plugins compatible for Editor in 0.35 ms, found 2 plugins.
Preloading 0 native plugins for Editor in 0.00 ms.
Unloading 1386 Unused Serialized files (Serialized files now loaded: 0)
System memory in use before: 64.9 MB.
System memory in use after: 64.9 MB.

Unloading 14 unused Assets to reduce memory usage. Loaded Objects now: 1854.
Total: 1.562800 ms (FindLiveObjects: 0.131900 ms CreateObjectMapping: 0.039700 ms MarkObjects: 1.317500 ms  DeleteObjects: 0.073000 ms)
=======
- Completed reload, in  0.746 seconds
Platform modules already initialized, skipping
Refreshing native plugins compatible for Editor in 0.31 ms, found 2 plugins.
Preloading 0 native plugins for Editor in 0.00 ms.
Unloading 1390 Unused Serialized files (Serialized files now loaded: 0)
System memory in use before: 68.1 MB.
System memory in use after: 68.2 MB.

Unloading 15 unused Assets to reduce memory usage. Loaded Objects now: 1844.
Total: 1.541400 ms (FindLiveObjects: 0.125300 ms CreateObjectMapping: 0.038700 ms MarkObjects: 1.323200 ms  DeleteObjects: 0.053600 ms)

========================================================================
Received Import Request.
  Time since last request: 72.456391 seconds.
  path: Assets/Prefabs/Luciernagas.prefab
  artifactKey: Guid(c5e8559b46945224fae83f52cf9abc6c) Importer(815301076,1909f56bfc062723c751e8b465ee728b)
Start importing Assets/Prefabs/Luciernagas.prefab using Guid(c5e8559b46945224fae83f52cf9abc6c) Importer(815301076,1909f56bfc062723c751e8b465ee728b)  -> (artifact id: '5d76aca2f712f97fec8ef3e6f95d9e12') in 0.043097 seconds
  Import took 0.045102 seconds .
>>>>>>> Stashed changes

========================================================================
Received Prepare
Registering precompiled user dll's ...
<<<<<<< Updated upstream
Registered in 0.003320 seconds.
Begin MonoManager ReloadAssembly
Native extension for WindowsStandalone target not found
Native extension for WebGL target not found
Refreshing native plugins compatible for Editor in 0.30 ms, found 2 plugins.
Preloading 0 native plugins for Editor in 0.00 ms.
Mono: successfully reloaded assembly
- Completed reload, in  0.889 seconds
=======
Registered in 0.003371 seconds.
Begin MonoManager ReloadAssembly
Native extension for WindowsStandalone target not found
Native extension for WebGL target not found
Refreshing native plugins compatible for Editor in 0.35 ms, found 2 plugins.
Preloading 0 native plugins for Editor in 0.00 ms.
Mono: successfully reloaded assembly
- Completed reload, in  0.919 seconds
>>>>>>> Stashed changes
Platform modules already initialized, skipping
Refreshing native plugins compatible for Editor in 0.32 ms, found 2 plugins.
Preloading 0 native plugins for Editor in 0.00 ms.
<<<<<<< Updated upstream
Unloading 1386 Unused Serialized files (Serialized files now loaded: 0)
System memory in use before: 64.9 MB.
System memory in use after: 64.9 MB.

Unloading 14 unused Assets to reduce memory usage. Loaded Objects now: 1857.
Total: 1.748500 ms (FindLiveObjects: 0.193100 ms CreateObjectMapping: 0.069100 ms MarkObjects: 1.440200 ms  DeleteObjects: 0.044800 ms)

========================================================================
Received Prepare
Registering precompiled user dll's ...
Registered in 0.002681 seconds.
Begin MonoManager ReloadAssembly
Native extension for WindowsStandalone target not found
Native extension for WebGL target not found
Refreshing native plugins compatible for Editor in 0.29 ms, found 2 plugins.
Preloading 0 native plugins for Editor in 0.00 ms.
Mono: successfully reloaded assembly
- Completed reload, in  0.815 seconds
Platform modules already initialized, skipping
Refreshing native plugins compatible for Editor in 0.40 ms, found 2 plugins.
Preloading 0 native plugins for Editor in 0.00 ms.
Unloading 1386 Unused Serialized files (Serialized files now loaded: 0)
System memory in use before: 64.9 MB.
System memory in use after: 65.0 MB.

Unloading 14 unused Assets to reduce memory usage. Loaded Objects now: 1860.
Total: 1.680600 ms (FindLiveObjects: 0.129400 ms CreateObjectMapping: 0.038300 ms MarkObjects: 1.463500 ms  DeleteObjects: 0.048700 ms)

========================================================================
Received Prepare
Registering precompiled user dll's ...
Registered in 0.002835 seconds.
Begin MonoManager ReloadAssembly
Native extension for WindowsStandalone target not found
Native extension for WebGL target not found
Refreshing native plugins compatible for Editor in 0.38 ms, found 2 plugins.
Preloading 0 native plugins for Editor in 0.00 ms.
Mono: successfully reloaded assembly
- Completed reload, in  0.774 seconds
Platform modules already initialized, skipping
Refreshing native plugins compatible for Editor in 0.28 ms, found 2 plugins.
Preloading 0 native plugins for Editor in 0.00 ms.
Unloading 1386 Unused Serialized files (Serialized files now loaded: 0)
System memory in use before: 64.9 MB.
System memory in use after: 65.0 MB.

Unloading 14 unused Assets to reduce memory usage. Loaded Objects now: 1863.
Total: 2.093100 ms (FindLiveObjects: 0.252400 ms CreateObjectMapping: 0.075300 ms MarkObjects: 1.685500 ms  DeleteObjects: 0.078800 ms)

========================================================================
Received Prepare
Registering precompiled user dll's ...
Registered in 0.002504 seconds.
Begin MonoManager ReloadAssembly
Native extension for WindowsStandalone target not found
Native extension for WebGL target not found
Refreshing native plugins compatible for Editor in 0.27 ms, found 2 plugins.
Preloading 0 native plugins for Editor in 0.00 ms.
Mono: successfully reloaded assembly
- Completed reload, in  0.782 seconds
Platform modules already initialized, skipping
Refreshing native plugins compatible for Editor in 0.45 ms, found 2 plugins.
Preloading 0 native plugins for Editor in 0.00 ms.
Unloading 1386 Unused Serialized files (Serialized files now loaded: 0)
System memory in use before: 64.9 MB.
System memory in use after: 65.0 MB.

Unloading 14 unused Assets to reduce memory usage. Loaded Objects now: 1866.
Total: 1.533000 ms (FindLiveObjects: 0.132400 ms CreateObjectMapping: 0.040300 ms MarkObjects: 1.317500 ms  DeleteObjects: 0.042300 ms)

========================================================================
Received Prepare
Registering precompiled user dll's ...
Registered in 0.002846 seconds.
Begin MonoManager ReloadAssembly
Native extension for WindowsStandalone target not found
Native extension for WebGL target not found
Refreshing native plugins compatible for Editor in 0.28 ms, found 2 plugins.
Preloading 0 native plugins for Editor in 0.00 ms.
Mono: successfully reloaded assembly
- Completed reload, in  0.783 seconds
Platform modules already initialized, skipping
Refreshing native plugins compatible for Editor in 0.28 ms, found 2 plugins.
Preloading 0 native plugins for Editor in 0.00 ms.
Unloading 1386 Unused Serialized files (Serialized files now loaded: 0)
System memory in use before: 64.9 MB.
System memory in use after: 65.0 MB.

Unloading 14 unused Assets to reduce memory usage. Loaded Objects now: 1869.
Total: 1.512900 ms (FindLiveObjects: 0.127400 ms CreateObjectMapping: 0.035200 ms MarkObjects: 1.305700 ms  DeleteObjects: 0.043900 ms)

========================================================================
Received Prepare
Registering precompiled user dll's ...
Registered in 0.002766 seconds.
Begin MonoManager ReloadAssembly
Native extension for WindowsStandalone target not found
Native extension for WebGL target not found
Refreshing native plugins compatible for Editor in 0.32 ms, found 2 plugins.
Preloading 0 native plugins for Editor in 0.00 ms.
Mono: successfully reloaded assembly
- Completed reload, in  0.790 seconds
Platform modules already initialized, skipping
Refreshing native plugins compatible for Editor in 0.31 ms, found 2 plugins.
Preloading 0 native plugins for Editor in 0.00 ms.
Unloading 1386 Unused Serialized files (Serialized files now loaded: 0)
System memory in use before: 64.9 MB.
System memory in use after: 65.0 MB.

Unloading 14 unused Assets to reduce memory usage. Loaded Objects now: 1872.
Total: 1.728800 ms (FindLiveObjects: 0.140900 ms CreateObjectMapping: 0.041200 ms MarkObjects: 1.498700 ms  DeleteObjects: 0.046800 ms)
=======
Unloading 1390 Unused Serialized files (Serialized files now loaded: 0)
System memory in use before: 68.1 MB.
System memory in use after: 68.2 MB.

Unloading 15 unused Assets to reduce memory usage. Loaded Objects now: 1849.
Total: 1.866300 ms (FindLiveObjects: 0.165500 ms CreateObjectMapping: 0.047100 ms MarkObjects: 1.600700 ms  DeleteObjects: 0.052000 ms)

========================================================================
Received Import Request.
  Time since last request: 102.590778 seconds.
  path: Assets/Scripts/Luciernagas/SpawnLuciernaga.cs
  artifactKey: Guid(52f904f3193ab3e41b3e51dc54384d57) Importer(815301076,1909f56bfc062723c751e8b465ee728b)
Start importing Assets/Scripts/Luciernagas/SpawnLuciernaga.cs using Guid(52f904f3193ab3e41b3e51dc54384d57) Importer(815301076,1909f56bfc062723c751e8b465ee728b)  -> (artifact id: 'dc5de67e8c00e221cee045e0d955aa12') in 0.016795 seconds
  Import took 0.019003 seconds .

========================================================================
Received Import Request.
  Time since last request: 55.160559 seconds.
  path: Assets/Prefabs/spawnerLuciernagas.prefab
  artifactKey: Guid(f434453882f3f27498830e25c89d6c4e) Importer(815301076,1909f56bfc062723c751e8b465ee728b)
Start importing Assets/Prefabs/spawnerLuciernagas.prefab using Guid(f434453882f3f27498830e25c89d6c4e) Importer(815301076,1909f56bfc062723c751e8b465ee728b)  -> (artifact id: '549ac287ce43eefd751adeecfe594bfb') in 0.024345 seconds
  Import took 0.027527 seconds .

========================================================================
Received Import Request.
  Time since last request: 6.602228 seconds.
  path: Assets/Prefabs/spawnerLuciernagas.prefab
  artifactKey: Guid(f434453882f3f27498830e25c89d6c4e) Importer(815301076,1909f56bfc062723c751e8b465ee728b)
Start importing Assets/Prefabs/spawnerLuciernagas.prefab using Guid(f434453882f3f27498830e25c89d6c4e) Importer(815301076,1909f56bfc062723c751e8b465ee728b)  -> (artifact id: '9863c95e4f322b487d78f5f11e67dc39') in 0.004834 seconds
  Import took 0.007275 seconds .

========================================================================
Received Import Request.
  Time since last request: 3.414844 seconds.
  path: Assets/Prefabs/spawnerLuciernagas.prefab
  artifactKey: Guid(f434453882f3f27498830e25c89d6c4e) Importer(815301076,1909f56bfc062723c751e8b465ee728b)
Start importing Assets/Prefabs/spawnerLuciernagas.prefab using Guid(f434453882f3f27498830e25c89d6c4e) Importer(815301076,1909f56bfc062723c751e8b465ee728b)  -> (artifact id: 'd8dbfa596158c2da66ac02583a40a8d9') in 0.008819 seconds
  Import took 0.011328 seconds .
>>>>>>> Stashed changes

========================================================================
Received Prepare
Registering precompiled user dll's ...
<<<<<<< Updated upstream
Registered in 0.002952 seconds.
=======
Registered in 0.103187 seconds.
>>>>>>> Stashed changes
Begin MonoManager ReloadAssembly
Native extension for WindowsStandalone target not found
Native extension for WebGL target not found
Refreshing native plugins compatible for Editor in 0.30 ms, found 2 plugins.
Preloading 0 native plugins for Editor in 0.00 ms.
Mono: successfully reloaded assembly
<<<<<<< Updated upstream
- Completed reload, in  0.802 seconds
Platform modules already initialized, skipping
Refreshing native plugins compatible for Editor in 0.29 ms, found 2 plugins.
Preloading 0 native plugins for Editor in 0.00 ms.
Unloading 1386 Unused Serialized files (Serialized files now loaded: 0)
System memory in use before: 64.9 MB.
System memory in use after: 65.0 MB.

Unloading 14 unused Assets to reduce memory usage. Loaded Objects now: 1875.
Total: 1.662800 ms (FindLiveObjects: 0.187100 ms CreateObjectMapping: 0.061700 ms MarkObjects: 1.374000 ms  DeleteObjects: 0.039400 ms)

========================================================================
Received Prepare
Registering precompiled user dll's ...
Registered in 0.002638 seconds.
Begin MonoManager ReloadAssembly
Native extension for WindowsStandalone target not found
Native extension for WebGL target not found
Refreshing native plugins compatible for Editor in 0.27 ms, found 2 plugins.
Preloading 0 native plugins for Editor in 0.00 ms.
Mono: successfully reloaded assembly
- Completed reload, in  0.747 seconds
Platform modules already initialized, skipping
Refreshing native plugins compatible for Editor in 0.27 ms, found 2 plugins.
Preloading 0 native plugins for Editor in 0.00 ms.
Unloading 1386 Unused Serialized files (Serialized files now loaded: 0)
System memory in use before: 64.9 MB.
System memory in use after: 65.0 MB.

Unloading 14 unused Assets to reduce memory usage. Loaded Objects now: 1878.
Total: 1.643300 ms (FindLiveObjects: 0.168900 ms CreateObjectMapping: 0.044900 ms MarkObjects: 1.386600 ms  DeleteObjects: 0.041800 ms)

========================================================================
Received Prepare
Registering precompiled user dll's ...
Registered in 0.002560 seconds.
Begin MonoManager ReloadAssembly
Native extension for WindowsStandalone target not found
Native extension for WebGL target not found
Refreshing native plugins compatible for Editor in 0.26 ms, found 2 plugins.
Preloading 0 native plugins for Editor in 0.00 ms.
Mono: successfully reloaded assembly
- Completed reload, in  0.771 seconds
Platform modules already initialized, skipping
Refreshing native plugins compatible for Editor in 0.43 ms, found 2 plugins.
Preloading 0 native plugins for Editor in 0.00 ms.
Unloading 1386 Unused Serialized files (Serialized files now loaded: 0)
System memory in use before: 64.9 MB.
System memory in use after: 65.0 MB.

Unloading 14 unused Assets to reduce memory usage. Loaded Objects now: 1881.
Total: 1.547500 ms (FindLiveObjects: 0.134900 ms CreateObjectMapping: 0.039900 ms MarkObjects: 1.329400 ms  DeleteObjects: 0.042500 ms)

========================================================================
Received Prepare
Registering precompiled user dll's ...
Registered in 0.002831 seconds.
Begin MonoManager ReloadAssembly
Native extension for WindowsStandalone target not found
Native extension for WebGL target not found
Refreshing native plugins compatible for Editor in 0.27 ms, found 2 plugins.
Preloading 0 native plugins for Editor in 0.00 ms.
Mono: successfully reloaded assembly
- Completed reload, in  0.733 seconds
Platform modules already initialized, skipping
Refreshing native plugins compatible for Editor in 0.29 ms, found 2 plugins.
Preloading 0 native plugins for Editor in 0.00 ms.
Unloading 1386 Unused Serialized files (Serialized files now loaded: 0)
System memory in use before: 64.9 MB.
System memory in use after: 65.0 MB.

Unloading 14 unused Assets to reduce memory usage. Loaded Objects now: 1884.
Total: 1.658700 ms (FindLiveObjects: 0.130900 ms CreateObjectMapping: 0.038900 ms MarkObjects: 1.448500 ms  DeleteObjects: 0.039600 ms)

========================================================================
Received Import Request.
  Time since last request: 1325.242114 seconds.
  path: Assets/Scripts/charapter/rbCharapter.cs
  artifactKey: Guid(27d9ecad99ad6c2468d6e926a9386835) Importer(815301076,1909f56bfc062723c751e8b465ee728b)
Start importing Assets/Scripts/charapter/rbCharapter.cs using Guid(27d9ecad99ad6c2468d6e926a9386835) Importer(815301076,1909f56bfc062723c751e8b465ee728b)  -> (artifact id: '17a76b26ee82b4e4631fdc5f14c9722c') in 0.013237 seconds
  Import took 0.015284 seconds .

========================================================================
Received Import Request.
  Time since last request: 0.000371 seconds.
  path: Assets/Scripts/charapter/rbCharapter.cs
  artifactKey: Guid(27d9ecad99ad6c2468d6e926a9386835) Importer(815301076,1909f56bfc062723c751e8b465ee728b)
Start importing Assets/Scripts/charapter/rbCharapter.cs using Guid(27d9ecad99ad6c2468d6e926a9386835) Importer(815301076,1909f56bfc062723c751e8b465ee728b)  -> (artifact id: '17a76b26ee82b4e4631fdc5f14c9722c') in 0.002425 seconds
  Import took 0.004124 seconds .
=======
- Completed reload, in  0.823 seconds
Platform modules already initialized, skipping
Refreshing native plugins compatible for Editor in 0.29 ms, found 2 plugins.
Preloading 0 native plugins for Editor in 0.00 ms.
Unloading 1390 Unused Serialized files (Serialized files now loaded: 0)
System memory in use before: 68.1 MB.
System memory in use after: 68.2 MB.

Unloading 14 unused Assets to reduce memory usage. Loaded Objects now: 1852.
Total: 1.619800 ms (FindLiveObjects: 0.133500 ms CreateObjectMapping: 0.045500 ms MarkObjects: 1.397700 ms  DeleteObjects: 0.042300 ms)

========================================================================
Received Import Request.
  Time since last request: 91.189753 seconds.
  path: Assets/Prefabs/spawnerLuciernagas.prefab
  artifactKey: Guid(f434453882f3f27498830e25c89d6c4e) Importer(815301076,1909f56bfc062723c751e8b465ee728b)
Start importing Assets/Prefabs/spawnerLuciernagas.prefab using Guid(f434453882f3f27498830e25c89d6c4e) Importer(815301076,1909f56bfc062723c751e8b465ee728b)  -> (artifact id: 'd3bc7bd98a4b7d440618ec73127b80b7') in 0.022277 seconds
  Import took 0.024843 seconds .

========================================================================
Received Import Request.
  Time since last request: 2.560438 seconds.
  path: Assets/Prefabs/spawnerLuciernagas.prefab
  artifactKey: Guid(f434453882f3f27498830e25c89d6c4e) Importer(815301076,1909f56bfc062723c751e8b465ee728b)
Start importing Assets/Prefabs/spawnerLuciernagas.prefab using Guid(f434453882f3f27498830e25c89d6c4e) Importer(815301076,1909f56bfc062723c751e8b465ee728b)  -> (artifact id: '062572d48a2dd3cf42b04c43ed2a9324') in 0.005751 seconds
  Import took 0.008780 seconds .
>>>>>>> Stashed changes

========================================================================
Received Prepare
Registering precompiled user dll's ...
<<<<<<< Updated upstream
Registered in 0.003365 seconds.
=======
Registered in 0.002757 seconds.
>>>>>>> Stashed changes
Begin MonoManager ReloadAssembly
Native extension for WindowsStandalone target not found
Native extension for WebGL target not found
Refreshing native plugins compatible for Editor in 0.27 ms, found 2 plugins.
Preloading 0 native plugins for Editor in 0.00 ms.
Mono: successfully reloaded assembly
<<<<<<< Updated upstream
- Completed reload, in  0.749 seconds
Platform modules already initialized, skipping
Refreshing native plugins compatible for Editor in 0.29 ms, found 2 plugins.
Preloading 0 native plugins for Editor in 0.00 ms.
Unloading 1386 Unused Serialized files (Serialized files now loaded: 0)
System memory in use before: 64.9 MB.
System memory in use after: 65.0 MB.

Unloading 14 unused Assets to reduce memory usage. Loaded Objects now: 1887.
Total: 1.648300 ms (FindLiveObjects: 0.191800 ms CreateObjectMapping: 0.042800 ms MarkObjects: 1.342000 ms  DeleteObjects: 0.070800 ms)

========================================================================
Received Import Request.
  Time since last request: 38.779297 seconds.
  path: Assets/Scripts/charapter/rbCharapter.cs
  artifactKey: Guid(27d9ecad99ad6c2468d6e926a9386835) Importer(815301076,1909f56bfc062723c751e8b465ee728b)
Start importing Assets/Scripts/charapter/rbCharapter.cs using Guid(27d9ecad99ad6c2468d6e926a9386835) Importer(815301076,1909f56bfc062723c751e8b465ee728b)  -> (artifact id: 'd29209de77019c9434f02cfa24ab779d') in 0.007843 seconds
  Import took 0.009677 seconds .

========================================================================
Received Prepare
Registering precompiled user dll's ...
Registered in 0.002841 seconds.
Begin MonoManager ReloadAssembly
Native extension for WindowsStandalone target not found
Native extension for WebGL target not found
Refreshing native plugins compatible for Editor in 0.27 ms, found 2 plugins.
Preloading 0 native plugins for Editor in 0.00 ms.
Mono: successfully reloaded assembly
- Completed reload, in  0.787 seconds
Platform modules already initialized, skipping
Refreshing native plugins compatible for Editor in 0.29 ms, found 2 plugins.
Preloading 0 native plugins for Editor in 0.00 ms.
Unloading 1386 Unused Serialized files (Serialized files now loaded: 0)
System memory in use before: 64.9 MB.
System memory in use after: 65.0 MB.

Unloading 14 unused Assets to reduce memory usage. Loaded Objects now: 1890.
Total: 1.953800 ms (FindLiveObjects: 0.160700 ms CreateObjectMapping: 0.053500 ms MarkObjects: 1.694500 ms  DeleteObjects: 0.044100 ms)
=======
- Completed reload, in  0.737 seconds
Platform modules already initialized, skipping
Refreshing native plugins compatible for Editor in 0.29 ms, found 2 plugins.
Preloading 0 native plugins for Editor in 0.00 ms.
Unloading 1390 Unused Serialized files (Serialized files now loaded: 0)
System memory in use before: 68.1 MB.
System memory in use after: 68.2 MB.

Unloading 14 unused Assets to reduce memory usage. Loaded Objects now: 1855.
Total: 1.626200 ms (FindLiveObjects: 0.132200 ms CreateObjectMapping: 0.039900 ms MarkObjects: 1.411500 ms  DeleteObjects: 0.041900 ms)

========================================================================
Received Import Request.
  Time since last request: 117.280014 seconds.
  path: Assets/Scripts/Jugador2D/Health.cs
  artifactKey: Guid(296576c8e8b76844b944e4c3cac932d9) Importer(815301076,1909f56bfc062723c751e8b465ee728b)
Start importing Assets/Scripts/Jugador2D/Health.cs using Guid(296576c8e8b76844b944e4c3cac932d9) Importer(815301076,1909f56bfc062723c751e8b465ee728b)  -> (artifact id: 'dbef8a4245ebeb27c71601d31b9cbbae') in 0.007934 seconds
  Import took 0.010354 seconds .

========================================================================
Received Import Request.
  Time since last request: 0.004214 seconds.
  path: Assets/Scripts/Luciernagas/SpawnLuciernaga.cs
  artifactKey: Guid(52f904f3193ab3e41b3e51dc54384d57) Importer(815301076,1909f56bfc062723c751e8b465ee728b)
Start importing Assets/Scripts/Luciernagas/SpawnLuciernaga.cs using Guid(52f904f3193ab3e41b3e51dc54384d57) Importer(815301076,1909f56bfc062723c751e8b465ee728b)  -> (artifact id: '67ca464c2c759f784fb2b88b5f2916fd') in 0.004720 seconds
  Import took 0.006705 seconds .

========================================================================
Received Import Request.
  Time since last request: 0.004754 seconds.
  path: Assets/Scripts/Luciernagas/SpawnerLuciernagsa.cs
  artifactKey: Guid(abaee0c864b425440916c5cd95700bc4) Importer(815301076,1909f56bfc062723c751e8b465ee728b)
Start importing Assets/Scripts/Luciernagas/SpawnerLuciernagsa.cs using Guid(abaee0c864b425440916c5cd95700bc4) Importer(815301076,1909f56bfc062723c751e8b465ee728b)  -> (artifact id: '9ec5d5953549a4c36d4f44ec5a4fdd30') in 0.004469 seconds
  Import took 0.006380 seconds .

========================================================================
Received Import Request.
  Time since last request: 0.008641 seconds.
  path: Assets/Scripts/GameManager2D.cs
  artifactKey: Guid(e5802e2567594364d983d10283492a50) Importer(815301076,1909f56bfc062723c751e8b465ee728b)
Start importing Assets/Scripts/GameManager2D.cs using Guid(e5802e2567594364d983d10283492a50) Importer(815301076,1909f56bfc062723c751e8b465ee728b)  -> (artifact id: '8a967ed8676f7f9d2fb5cffaea540415') in 0.004924 seconds
  Import took 0.006809 seconds .

========================================================================
Received Import Request.
  Time since last request: 0.035429 seconds.
  path: Assets/Scripts/Luciernagas/Luciernagas.cs
  artifactKey: Guid(c8cece2428fb7b54eb903f5cfaa2c3a4) Importer(815301076,1909f56bfc062723c751e8b465ee728b)
Start importing Assets/Scripts/Luciernagas/Luciernagas.cs using Guid(c8cece2428fb7b54eb903f5cfaa2c3a4) Importer(815301076,1909f56bfc062723c751e8b465ee728b)  -> (artifact id: '698439e5495b86debeb77d048b63b4e6') in 0.004790 seconds
  Import took 0.006894 seconds .
>>>>>>> Stashed changes

========================================================================
Received Prepare
Registering precompiled user dll's ...
<<<<<<< Updated upstream
Registered in 0.002479 seconds.
Begin MonoManager ReloadAssembly
Native extension for WindowsStandalone target not found
Native extension for WebGL target not found
Refreshing native plugins compatible for Editor in 0.32 ms, found 2 plugins.
Preloading 0 native plugins for Editor in 0.00 ms.
Mono: successfully reloaded assembly
- Completed reload, in  0.786 seconds
Platform modules already initialized, skipping
Refreshing native plugins compatible for Editor in 0.33 ms, found 2 plugins.
Preloading 0 native plugins for Editor in 0.00 ms.
Unloading 1386 Unused Serialized files (Serialized files now loaded: 0)
System memory in use before: 64.9 MB.
System memory in use after: 65.0 MB.

Unloading 14 unused Assets to reduce memory usage. Loaded Objects now: 1893.
Total: 1.663200 ms (FindLiveObjects: 0.135900 ms CreateObjectMapping: 0.039800 ms MarkObjects: 1.441100 ms  DeleteObjects: 0.045600 ms)

========================================================================
Received Prepare
Registering precompiled user dll's ...
Registered in 0.002635 seconds.
Begin MonoManager ReloadAssembly
Native extension for WindowsStandalone target not found
Native extension for WebGL target not found
Refreshing native plugins compatible for Editor in 0.28 ms, found 2 plugins.
Preloading 0 native plugins for Editor in 0.00 ms.
Mono: successfully reloaded assembly
- Completed reload, in  0.766 seconds
Platform modules already initialized, skipping
Refreshing native plugins compatible for Editor in 0.28 ms, found 2 plugins.
Preloading 0 native plugins for Editor in 0.00 ms.
Unloading 1386 Unused Serialized files (Serialized files now loaded: 0)
System memory in use before: 65.0 MB.
System memory in use after: 65.0 MB.

Unloading 14 unused Assets to reduce memory usage. Loaded Objects now: 1896.
Total: 1.539200 ms (FindLiveObjects: 0.132100 ms CreateObjectMapping: 0.038300 ms MarkObjects: 1.332100 ms  DeleteObjects: 0.036100 ms)
=======
Registered in 0.002644 seconds.
Begin MonoManager ReloadAssembly
Native extension for WindowsStandalone target not found
Native extension for WebGL target not found
Refreshing native plugins compatible for Editor in 0.37 ms, found 2 plugins.
Preloading 0 native plugins for Editor in 0.00 ms.
Mono: successfully reloaded assembly
- Completed reload, in  0.824 seconds
Platform modules already initialized, skipping
Refreshing native plugins compatible for Editor in 0.48 ms, found 2 plugins.
Preloading 0 native plugins for Editor in 0.00 ms.
Unloading 1390 Unused Serialized files (Serialized files now loaded: 0)
System memory in use before: 68.1 MB.
System memory in use after: 68.2 MB.

Unloading 15 unused Assets to reduce memory usage. Loaded Objects now: 1858.
Total: 1.788900 ms (FindLiveObjects: 0.158800 ms CreateObjectMapping: 0.057400 ms MarkObjects: 1.501400 ms  DeleteObjects: 0.070500 ms)

========================================================================
Received Import Request.
  Time since last request: 572.054176 seconds.
  path: Assets/Prefabs/BichoSombra.prefab
  artifactKey: Guid(0bb5341d6e22d074db3e5375743bffb9) Importer(815301076,1909f56bfc062723c751e8b465ee728b)
Start importing Assets/Prefabs/BichoSombra.prefab using Guid(0bb5341d6e22d074db3e5375743bffb9) Importer(815301076,1909f56bfc062723c751e8b465ee728b)  -> (artifact id: 'c70f90e4e90ce115138a8e8a1ce6b87f') in 0.051592 seconds
  Import took 0.054203 seconds .
>>>>>>> Stashed changes

AssetImportWorkerClient::OnTransportError - code=2 error=End of file
